.\Debug\NonIFSLSP.ilk
.\Debug\NonIFSLSP.pdb
D:\LEARN\CV\MYKNOWLEDGES\TRAFFICSNIFFER\NONIFSLSP\DEBUG\ASYNCSELECT.OBJ
D:\LEARN\CV\MYKNOWLEDGES\TRAFFICSNIFFER\NONIFSLSP\DEBUG\EXTENSION.OBJ
D:\LEARN\CV\MYKNOWLEDGES\TRAFFICSNIFFER\NONIFSLSP\DEBUG\LSPGUID.OBJ
D:\LEARN\CV\MYKNOWLEDGES\TRAFFICSNIFFER\NONIFSLSP\DEBUG\NONIFSLSP.DLL
D:\LEARN\CV\MYKNOWLEDGES\TRAFFICSNIFFER\NONIFSLSP\DEBUG\NONIFSLSP.DLL.EMBED.MANIFEST
D:\LEARN\CV\MYKNOWLEDGES\TRAFFICSNIFFER\NONIFSLSP\DEBUG\NONIFSLSP.DLL.EMBED.MANIFEST.RES
D:\LEARN\CV\MYKNOWLEDGES\TRAFFICSNIFFER\NONIFSLSP\DEBUG\NONIFSLSP.DLL.INTERMEDIATE.MANIFEST
D:\Learn\CV\MyKnowledges\TrafficSniffer\nonifslsp\Debug\NonIFSLSP.exp
D:\LEARN\CV\MYKNOWLEDGES\TRAFFICSNIFFER\NONIFSLSP\DEBUG\NONIFSLSP.ILK
D:\Learn\CV\MyKnowledges\TrafficSniffer\nonifslsp\Debug\NonIFSLSP.lib
D:\LEARN\CV\MYKNOWLEDGES\TRAFFICSNIFFER\NONIFSLSP\DEBUG\NONIFSLSP.PDB
D:\LEARN\CV\MYKNOWLEDGES\TRAFFICSNIFFER\NONIFSLSP\DEBUG\OVERLAP.OBJ
D:\LEARN\CV\MYKNOWLEDGES\TRAFFICSNIFFER\NONIFSLSP\DEBUG\PROVIDER.OBJ
D:\LEARN\CV\MYKNOWLEDGES\TRAFFICSNIFFER\NONIFSLSP\DEBUG\SOCKINFO.OBJ
D:\LEARN\CV\MYKNOWLEDGES\TRAFFICSNIFFER\NONIFSLSP\DEBUG\SPI.OBJ
D:\LEARN\CV\MYKNOWLEDGES\TRAFFICSNIFFER\NONIFSLSP\DEBUG\VC100.PDB
D:\Learn\CV\MyKnowledges\TrafficSniffer\TrafficSniffer\nonifslsp\.\Debug\NonIFSLSP.dll
D:\Learn\CV\MyKnowledges\TrafficSniffer\TrafficSniffer\nonifslsp\.\Debug\NonIFSLSP.dll.intermediate.manifest
D:\LEARN\CV\MYKNOWLEDGES\TRAFFICSNIFFER\TRAFFICSNIFFER\NONIFSLSP\DEBUG\ASYNCSELECT.OBJ
D:\Learn\CV\MyKnowledges\TrafficSniffer\TrafficSniffer\nonifslsp\Debug\cl.command.1.tlog
D:\Learn\CV\MyKnowledges\TrafficSniffer\TrafficSniffer\nonifslsp\Debug\CL.read.1.tlog
D:\Learn\CV\MyKnowledges\TrafficSniffer\TrafficSniffer\nonifslsp\Debug\CL.write.1.tlog
D:\LEARN\CV\MYKNOWLEDGES\TRAFFICSNIFFER\TRAFFICSNIFFER\NONIFSLSP\DEBUG\EXTENSION.OBJ
D:\Learn\CV\MyKnowledges\TrafficSniffer\TrafficSniffer\nonifslsp\Debug\link.2004.read.1.tlog
D:\Learn\CV\MyKnowledges\TrafficSniffer\TrafficSniffer\nonifslsp\Debug\link.2004.write.1.tlog
D:\Learn\CV\MyKnowledges\TrafficSniffer\TrafficSniffer\nonifslsp\Debug\link.2004-cvtres.read.1.tlog
D:\Learn\CV\MyKnowledges\TrafficSniffer\TrafficSniffer\nonifslsp\Debug\link.2004-cvtres.write.1.tlog
D:\Learn\CV\MyKnowledges\TrafficSniffer\TrafficSniffer\nonifslsp\Debug\link.command.1.tlog
D:\Learn\CV\MyKnowledges\TrafficSniffer\TrafficSniffer\nonifslsp\Debug\link.read.1.tlog
D:\Learn\CV\MyKnowledges\TrafficSniffer\TrafficSniffer\nonifslsp\Debug\link.write.1.tlog
D:\Learn\CV\MyKnowledges\TrafficSniffer\TrafficSniffer\nonifslsp\Debug\link-cvtres.read.1.tlog
D:\Learn\CV\MyKnowledges\TrafficSniffer\TrafficSniffer\nonifslsp\Debug\link-cvtres.write.1.tlog
D:\LEARN\CV\MYKNOWLEDGES\TRAFFICSNIFFER\TRAFFICSNIFFER\NONIFSLSP\DEBUG\LSPGUID.OBJ
D:\Learn\CV\MyKnowledges\TrafficSniffer\TrafficSniffer\nonifslsp\Debug\mt.command.1.tlog
D:\Learn\CV\MyKnowledges\TrafficSniffer\TrafficSniffer\nonifslsp\Debug\mt.read.1.tlog
D:\Learn\CV\MyKnowledges\TrafficSniffer\TrafficSniffer\nonifslsp\Debug\mt.write.1.tlog
D:\LEARN\CV\MYKNOWLEDGES\TRAFFICSNIFFER\TRAFFICSNIFFER\NONIFSLSP\DEBUG\NONIFSLSP.DLL
D:\Learn\CV\MyKnowledges\TrafficSniffer\TrafficSniffer\nonifslsp\Debug\NonIFSLSP.dll.embed.manifest
D:\LEARN\CV\MYKNOWLEDGES\TRAFFICSNIFFER\TRAFFICSNIFFER\NONIFSLSP\DEBUG\NONIFSLSP.DLL.EMBED.MANIFEST.RES
D:\LEARN\CV\MYKNOWLEDGES\TRAFFICSNIFFER\TRAFFICSNIFFER\NONIFSLSP\DEBUG\NONIFSLSP.DLL.INTERMEDIATE.MANIFEST
D:\Learn\CV\MyKnowledges\TrafficSniffer\TrafficSniffer\nonifslsp\Debug\NonIFSLSP.exp
D:\LEARN\CV\MYKNOWLEDGES\TRAFFICSNIFFER\TRAFFICSNIFFER\NONIFSLSP\DEBUG\NONIFSLSP.ILK
D:\Learn\CV\MyKnowledges\TrafficSniffer\TrafficSniffer\nonifslsp\Debug\NonIFSLSP.lib
D:\LEARN\CV\MYKNOWLEDGES\TRAFFICSNIFFER\TRAFFICSNIFFER\NONIFSLSP\DEBUG\NONIFSLSP.PDB
D:\Learn\CV\MyKnowledges\TrafficSniffer\TrafficSniffer\nonifslsp\Debug\NonIFSLSP.vcxprojResolveAssemblyReference.cache
D:\Learn\CV\MyKnowledges\TrafficSniffer\TrafficSniffer\nonifslsp\Debug\NonIFSLSP.write.1.tlog
D:\Learn\CV\MyKnowledges\TrafficSniffer\TrafficSniffer\nonifslsp\Debug\NonIFSLSP_manifest.rc
D:\LEARN\CV\MYKNOWLEDGES\TRAFFICSNIFFER\TRAFFICSNIFFER\NONIFSLSP\DEBUG\OVERLAP.OBJ
D:\LEARN\CV\MYKNOWLEDGES\TRAFFICSNIFFER\TRAFFICSNIFFER\NONIFSLSP\DEBUG\PROVIDER.OBJ
D:\Learn\CV\MyKnowledges\TrafficSniffer\TrafficSniffer\nonifslsp\Debug\rc.command.1.tlog
D:\Learn\CV\MyKnowledges\TrafficSniffer\TrafficSniffer\nonifslsp\Debug\rc.read.1.tlog
D:\Learn\CV\MyKnowledges\TrafficSniffer\TrafficSniffer\nonifslsp\Debug\rc.write.1.tlog
D:\LEARN\CV\MYKNOWLEDGES\TRAFFICSNIFFER\TRAFFICSNIFFER\NONIFSLSP\DEBUG\SOCKINFO.OBJ
D:\LEARN\CV\MYKNOWLEDGES\TRAFFICSNIFFER\TRAFFICSNIFFER\NONIFSLSP\DEBUG\SPI.OBJ
D:\Learn\CV\MyKnowledges\TrafficSniffer\TrafficSniffer\nonifslsp\Debug\vc100.idb
D:\LEARN\CV\MYKNOWLEDGES\TRAFFICSNIFFER\TRAFFICSNIFFER\NONIFSLSP\DEBUG\VC100.PDB
