.\Debug\RegisterLSP.ilk
.\Debug\RegisterLSP.pdb
D:\LEARN\CV\MYKNOWLEDGES\TRAFFICSNIFFER\INSTALL\DEBUG\INSTLSP.OBJ
D:\LEARN\CV\MYKNOWLEDGES\TRAFFICSNIFFER\INSTALL\DEBUG\LSPADD.OBJ
D:\LEARN\CV\MYKNOWLEDGES\TRAFFICSNIFFER\INSTALL\DEBUG\LSPDEL.OBJ
D:\LEARN\CV\MYKNOWLEDGES\TRAFFICSNIFFER\INSTALL\DEBUG\LSPMAP.OBJ
D:\LEARN\CV\MYKNOWLEDGES\TRAFFICSNIFFER\INSTALL\DEBUG\LSPUTIL.OBJ
D:\LEARN\CV\MYKNOWLEDGES\TRAFFICSNIFFER\INSTALL\DEBUG\PRNPINFO.OBJ
D:\LEARN\CV\MYKNOWLEDGES\TRAFFICSNIFFER\INSTALL\DEBUG\PROVIDER.OBJ
D:\LEARN\CV\MYKNOWLEDGES\TRAFFICSNIFFER\INSTALL\DEBUG\REGISTERLSP.EXE
D:\LEARN\CV\MYKNOWLEDGES\TRAFFICSNIFFER\INSTALL\DEBUG\REGISTERLSP.EXE.EMBED.MANIFEST
D:\LEARN\CV\MYKNOWLEDGES\TRAFFICSNIFFER\INSTALL\DEBUG\REGISTERLSP.EXE.EMBED.MANIFEST.RES
D:\LEARN\CV\MYKNOWLEDGES\TRAFFICSNIFFER\INSTALL\DEBUG\REGISTERLSP.EXE.INTERMEDIATE.MANIFEST
D:\LEARN\CV\MYKNOWLEDGES\TRAFFICSNIFFER\INSTALL\DEBUG\REGISTERLSP.ILK
D:\LEARN\CV\MYKNOWLEDGES\TRAFFICSNIFFER\INSTALL\DEBUG\REGISTERLSP.PDB
D:\LEARN\CV\MYKNOWLEDGES\TRAFFICSNIFFER\INSTALL\DEBUG\VC100.PDB
D:\Learn\CV\MyKnowledges\TrafficSniffer\TrafficSniffer\install\.\Debug\RegisterLSP.exe
D:\Learn\CV\MyKnowledges\TrafficSniffer\TrafficSniffer\install\.\Debug\RegisterLSP.exe.intermediate.manifest
D:\Learn\CV\MyKnowledges\TrafficSniffer\TrafficSniffer\install\Debug\cl.command.1.tlog
D:\Learn\CV\MyKnowledges\TrafficSniffer\TrafficSniffer\install\Debug\CL.read.1.tlog
D:\Learn\CV\MyKnowledges\TrafficSniffer\TrafficSniffer\install\Debug\CL.write.1.tlog
D:\LEARN\CV\MYKNOWLEDGES\TRAFFICSNIFFER\TRAFFICSNIFFER\INSTALL\DEBUG\INSTLSP.OBJ
D:\Learn\CV\MyKnowledges\TrafficSniffer\TrafficSniffer\install\Debug\link.4812.read.1.tlog
D:\Learn\CV\MyKnowledges\TrafficSniffer\TrafficSniffer\install\Debug\link.4812.write.1.tlog
D:\Learn\CV\MyKnowledges\TrafficSniffer\TrafficSniffer\install\Debug\link.4812-cvtres.read.1.tlog
D:\Learn\CV\MyKnowledges\TrafficSniffer\TrafficSniffer\install\Debug\link.4812-cvtres.write.1.tlog
D:\Learn\CV\MyKnowledges\TrafficSniffer\TrafficSniffer\install\Debug\link.command.1.tlog
D:\Learn\CV\MyKnowledges\TrafficSniffer\TrafficSniffer\install\Debug\link.read.1.tlog
D:\Learn\CV\MyKnowledges\TrafficSniffer\TrafficSniffer\install\Debug\link.write.1.tlog
D:\Learn\CV\MyKnowledges\TrafficSniffer\TrafficSniffer\install\Debug\link-cvtres.read.1.tlog
D:\Learn\CV\MyKnowledges\TrafficSniffer\TrafficSniffer\install\Debug\link-cvtres.write.1.tlog
D:\LEARN\CV\MYKNOWLEDGES\TRAFFICSNIFFER\TRAFFICSNIFFER\INSTALL\DEBUG\LSPADD.OBJ
D:\LEARN\CV\MYKNOWLEDGES\TRAFFICSNIFFER\TRAFFICSNIFFER\INSTALL\DEBUG\LSPDEL.OBJ
D:\LEARN\CV\MYKNOWLEDGES\TRAFFICSNIFFER\TRAFFICSNIFFER\INSTALL\DEBUG\LSPMAP.OBJ
D:\LEARN\CV\MYKNOWLEDGES\TRAFFICSNIFFER\TRAFFICSNIFFER\INSTALL\DEBUG\LSPUTIL.OBJ
D:\Learn\CV\MyKnowledges\TrafficSniffer\TrafficSniffer\install\Debug\mt.command.1.tlog
D:\Learn\CV\MyKnowledges\TrafficSniffer\TrafficSniffer\install\Debug\mt.read.1.tlog
D:\Learn\CV\MyKnowledges\TrafficSniffer\TrafficSniffer\install\Debug\mt.write.1.tlog
D:\LEARN\CV\MYKNOWLEDGES\TRAFFICSNIFFER\TRAFFICSNIFFER\INSTALL\DEBUG\PRNPINFO.OBJ
D:\LEARN\CV\MYKNOWLEDGES\TRAFFICSNIFFER\TRAFFICSNIFFER\INSTALL\DEBUG\PROVIDER.OBJ
D:\Learn\CV\MyKnowledges\TrafficSniffer\TrafficSniffer\install\Debug\rc.command.1.tlog
D:\Learn\CV\MyKnowledges\TrafficSniffer\TrafficSniffer\install\Debug\rc.read.1.tlog
D:\Learn\CV\MyKnowledges\TrafficSniffer\TrafficSniffer\install\Debug\rc.write.1.tlog
D:\LEARN\CV\MYKNOWLEDGES\TRAFFICSNIFFER\TRAFFICSNIFFER\INSTALL\DEBUG\REGISTERLSP.EXE
D:\Learn\CV\MyKnowledges\TrafficSniffer\TrafficSniffer\install\Debug\RegisterLSP.exe.embed.manifest
D:\LEARN\CV\MYKNOWLEDGES\TRAFFICSNIFFER\TRAFFICSNIFFER\INSTALL\DEBUG\REGISTERLSP.EXE.EMBED.MANIFEST.RES
D:\LEARN\CV\MYKNOWLEDGES\TRAFFICSNIFFER\TRAFFICSNIFFER\INSTALL\DEBUG\REGISTERLSP.EXE.INTERMEDIATE.MANIFEST
D:\LEARN\CV\MYKNOWLEDGES\TRAFFICSNIFFER\TRAFFICSNIFFER\INSTALL\DEBUG\REGISTERLSP.ILK
D:\LEARN\CV\MYKNOWLEDGES\TRAFFICSNIFFER\TRAFFICSNIFFER\INSTALL\DEBUG\REGISTERLSP.PDB
D:\Learn\CV\MyKnowledges\TrafficSniffer\TrafficSniffer\install\Debug\RegisterLSP.write.1.tlog
D:\Learn\CV\MyKnowledges\TrafficSniffer\TrafficSniffer\install\Debug\RegisterLSP_manifest.rc
D:\Learn\CV\MyKnowledges\TrafficSniffer\TrafficSniffer\install\Debug\vc100.idb
D:\LEARN\CV\MYKNOWLEDGES\TRAFFICSNIFFER\TRAFFICSNIFFER\INSTALL\DEBUG\VC100.PDB
