Build started 14.06.2014 12:38:03.
     1>Project "D:\Learn\CV\MyKnowledges\TrafficSniffer\TrafficSniffer\install\RegisterLSP.vcxproj" on node 2 (rebuild target(s)).
     1>_PrepareForClean:
         Deleting file ".\Debug\RegisterLSP.lastbuildstate".
       InitializeBuildStatus:
         Creating ".\Debug\RegisterLSP.unsuccessfulbuild" because "AlwaysCreate" was specified.
       ClCompile:
         c:\Program Files (x86)\Microsoft Visual Studio 10.0\VC\bin\CL.exe /c /I..\common /ZI /nologo /W3 /WX- /Od /Oy- /D WIN32 /D _DEBUG /D _CONSOLE /D _PSDK_BLD /D _VC80_UPGRADE=0x0600 /D _MBCS /Gm /EHsc /RTC1 /MTd /GS /Gy- /fp:precise /Zc:wchar_t /Zc:forScope /Fo".\Debug\\" /Fd".\Debug\vc100.pdb" /Gz /TP /analyze- /errorReport:prompt instlsp.cpp lspadd.cpp lspdel.cpp lspmap.cpp lsputil.cpp prnpinfo.cpp ..\common\provider.cpp  /D   /D 
         provider.cpp
     1>d:\learn\cv\myknowledges\trafficsniffer\trafficsniffer\common\lspcommon.h(25): warning C4005: '__in_z' : macro redefinition
                 c:\program files (x86)\microsoft sdks\windows\v7.0a\include\specstrings_strict.h(192) : see previous definition of '__in_z'
         prnpinfo.cpp
     1>d:\learn\cv\myknowledges\trafficsniffer\trafficsniffer\install\prnpinfo.cpp(31): warning C4068: unknown pragma
     1>d:\learn\cv\myknowledges\trafficsniffer\trafficsniffer\install\prnpinfo.cpp(36): warning C4068: unknown pragma
         lsputil.cpp
     1>d:\learn\cv\myknowledges\trafficsniffer\trafficsniffer\common\lspcommon.h(25): warning C4005: '__in_z' : macro redefinition
                 c:\program files (x86)\microsoft sdks\windows\v7.0a\include\specstrings_strict.h(192) : see previous definition of '__in_z'
         lspmap.cpp
     1>d:\learn\cv\myknowledges\trafficsniffer\trafficsniffer\common\lspcommon.h(25): warning C4005: '__in_z' : macro redefinition
                 c:\program files (x86)\microsoft sdks\windows\v7.0a\include\specstrings_strict.h(192) : see previous definition of '__in_z'
         lspdel.cpp
     1>d:\learn\cv\myknowledges\trafficsniffer\trafficsniffer\common\lspcommon.h(25): warning C4005: '__in_z' : macro redefinition
                 c:\program files (x86)\microsoft sdks\windows\v7.0a\include\specstrings_strict.h(192) : see previous definition of '__in_z'
         lspadd.cpp
     1>d:\learn\cv\myknowledges\trafficsniffer\trafficsniffer\common\lspcommon.h(25): warning C4005: '__in_z' : macro redefinition
                 c:\program files (x86)\microsoft sdks\windows\v7.0a\include\specstrings_strict.h(192) : see previous definition of '__in_z'
     1>d:\learn\cv\myknowledges\trafficsniffer\trafficsniffer\install\lspadd.cpp(368): warning C4996: 'wcsncpy': This function or variable may be unsafe. Consider using wcsncpy_s instead. To disable deprecation, use _CRT_SECURE_NO_WARNINGS. See online help for details.
                 c:\program files (x86)\microsoft visual studio 10.0\vc\include\string.h(306) : see declaration of 'wcsncpy'
         instlsp.cpp
     1>d:\learn\cv\myknowledges\trafficsniffer\trafficsniffer\common\lspcommon.h(25): warning C4005: '__in_z' : macro redefinition
                 c:\program files (x86)\microsoft sdks\windows\v7.0a\include\specstrings_strict.h(192) : see previous definition of '__in_z'
         Generating Code...
       ManifestResourceCompile:
         C:\Program Files (x86)\Microsoft SDKs\Windows\v7.0A\bin\rc.exe /nologo /fo".\Debug\RegisterLSP.exe.embed.manifest.res" .\Debug\RegisterLSP_manifest.rc 
       Link:
         c:\Program Files (x86)\Microsoft Visual Studio 10.0\VC\bin\link.exe /ERRORREPORT:PROMPT /OUT:".\Debug\RegisterLSP.exe" /INCREMENTAL /NOLOGO sporder.lib ws2_32.lib rpcrt4.lib odbc32.lib odbccp32.lib kernel32.lib user32.lib gdi32.lib winspool.lib comdlg32.lib advapi32.lib shell32.lib ole32.lib oleaut32.lib uuid.lib odbc32.lib odbccp32.lib /MANIFEST /ManifestFile:".\Debug\RegisterLSP.exe.intermediate.manifest" /MANIFESTUAC:"level='asInvoker' uiAccess='false'" /DEBUG /PDB:"D:\Learn\CV\MyKnowledges\TrafficSniffer\TrafficSniffer\install\Debug\RegisterLSP.pdb" /SUBSYSTEM:CONSOLE /TLBID:1 /DYNAMICBASE /NXCOMPAT /IMPLIB:".\Debug\RegisterLSP.lib" /MACHINE:X86 .\Debug\RegisterLSP.exe.embed.manifest.res
         .\Debug\instlsp.obj
         .\Debug\lspadd.obj
         .\Debug\lspdel.obj
         .\Debug\lspmap.obj
         .\Debug\lsputil.obj
         .\Debug\prnpinfo.obj
         .\Debug\provider.obj
       Manifest:
         Deleting file ".\Debug\RegisterLSP.exe.embed.manifest".
         C:\Program Files (x86)\Microsoft SDKs\Windows\v7.0A\bin\mt.exe /nologo /verbose /out:".\Debug\RegisterLSP.exe.embed.manifest" /manifest .\Debug\RegisterLSP.exe.intermediate.manifest
         C:\Program Files (x86)\Microsoft SDKs\Windows\v7.0A\bin\rc.exe /nologo /fo".\Debug\RegisterLSP.exe.embed.manifest.res" .\Debug\RegisterLSP_manifest.rc 
       LinkEmbedManifest:
         c:\Program Files (x86)\Microsoft Visual Studio 10.0\VC\bin\link.exe /ERRORREPORT:PROMPT /OUT:".\Debug\RegisterLSP.exe" /INCREMENTAL /NOLOGO sporder.lib ws2_32.lib rpcrt4.lib odbc32.lib odbccp32.lib kernel32.lib user32.lib gdi32.lib winspool.lib comdlg32.lib advapi32.lib shell32.lib ole32.lib oleaut32.lib uuid.lib odbc32.lib odbccp32.lib /MANIFEST /ManifestFile:".\Debug\RegisterLSP.exe.intermediate.manifest" /MANIFESTUAC:"level='asInvoker' uiAccess='false'" /DEBUG /PDB:"D:\Learn\CV\MyKnowledges\TrafficSniffer\TrafficSniffer\install\Debug\RegisterLSP.pdb" /SUBSYSTEM:CONSOLE /TLBID:1 /DYNAMICBASE /NXCOMPAT /IMPLIB:".\Debug\RegisterLSP.lib" /MACHINE:X86 .\Debug\RegisterLSP.exe.embed.manifest.res
         .\Debug\instlsp.obj
         .\Debug\lspadd.obj
         .\Debug\lspdel.obj
         .\Debug\lspmap.obj
         .\Debug\lsputil.obj
         .\Debug\prnpinfo.obj
         .\Debug\provider.obj
         RegisterLSP.vcxproj -> D:\Learn\CV\MyKnowledges\TrafficSniffer\TrafficSniffer\install\.\Debug\RegisterLSP.exe
       FinalizeBuildStatus:
         Deleting file ".\Debug\RegisterLSP.unsuccessfulbuild".
         Touching ".\Debug\RegisterLSP.lastbuildstate".
     1>Done Building Project "D:\Learn\CV\MyKnowledges\TrafficSniffer\TrafficSniffer\install\RegisterLSP.vcxproj" (rebuild target(s)).

Build succeeded.

Time Elapsed 00:00:12.01
